<?xml version="1.0" encoding="UTF-8"?>
<testsuites>
    <testsuite name="force.apex" timestamp="2025-07-16T04:24:43.000Z" hostname="https://orgfarm-7d18613451-dev-ed.develop.my.salesforce.com" tests="1" failures="0"  errors="0"  time="0.03">
        <properties>
            <property name="outcome" value="Successful"/>
            <property name="testsRan" value="1"/>
            <property name="passing" value="1"/>
            <property name="failing" value="0"/>
            <property name="skipped" value="0"/>
            <property name="passRate" value="100%"/>
            <property name="failRate" value="0%"/>
            <property name="testStartTime" value="Tue Jul 15 2025 11:24:43 PM"/>
            <property name="testSetupTimeInMs" value="0"/>
            <property name="testExecutionTime" value="0.03 s"/>
            <property name="testTotalTime" value="0.03 s"/>
            <property name="commandTime" value="1.33 s"/>
            <property name="hostname" value="https://orgfarm-7d18613451-dev-ed.develop.my.salesforce.com"/>
            <property name="orgId" value="00DgK000001suJEUAY"/>
            <property name="username" value="dany338919@agentforce.com"/>
            <property name="testRunId" value="707gK000008ufWy"/>
            <property name="userId" value="005gK000001VTlBQAW"/>
        </properties>
        <testcase name="testGenerateAditionalInformation" classname="ProductInvocableActionTest" time="0.03">
        </testcase>
    </testsuite>
</testsuites>
